<?xml version="1.0" encoding="UTF-8"?>
<?xml-stylesheet type="text/xml" href="https://mohsenebrahimyir.github.io/blog/feed_per_post.xsl" ?>

<feed xmlns="http://www.w3.org/2005/Atom" xml:lang="fa" >

  <!--link rel="alternate" type="text/html" href="https://mohsenebrahimyir.github.io" hreflang="fa" /-->
  <link rel="self" type="application/atom+xml" href="https://mohsenebrahimyir.github.io/.xml" />

  <id></id>
  <title type="text" xml:lang="fa"></title>
  <updated></updated>
  <rights>Commons Attribution 4.0 International</rights>

  
</feed>
